<?xml version="1.0" encoding="UTF-8"?>
<testng-results skipped="0" failed="0" ignored="0" total="1" passed="1">
  <reporter-output>
  </reporter-output>
  <suite name="Default suite" duration-ms="15432" started-at="2019-10-30T06:34:25Z" finished-at="2019-10-30T06:34:40Z">
    <groups>
    </groups>
    <test name="Default test" duration-ms="15432" started-at="2019-10-30T06:34:25Z" finished-at="2019-10-30T06:34:40Z">
      <class name="com.tests.HomePage">
        <test-method status="PASS" signature="setUp()[pri:0, instance:com.tests.HomePage@91161c7]" name="setUp" is-config="true" duration-ms="9467" started-at="2019-10-30T12:04:25Z" finished-at="2019-10-30T12:04:34Z">
          <reporter-output>
          </reporter-output>
        </test-method> <!-- setUp -->
        <test-method status="PASS" signature="tc()[pri:0, instance:com.tests.HomePage@91161c7]" name="tc" duration-ms="3153" started-at="2019-10-30T12:04:34Z" finished-at="2019-10-30T12:04:37Z">
          <reporter-output>
          </reporter-output>
        </test-method> <!-- tc -->
        <test-method status="PASS" signature="tearDown()[pri:0, instance:com.tests.HomePage@91161c7]" name="tearDown" is-config="true" duration-ms="2781" started-at="2019-10-30T12:04:37Z" finished-at="2019-10-30T12:04:40Z">
          <reporter-output>
          </reporter-output>
        </test-method> <!-- tearDown -->
      </class> <!-- com.tests.HomePage -->
    </test> <!-- Default test -->
  </suite> <!-- Default suite -->
</testng-results>
